Build output check failed:
    Regex: 'command line option .* is valid for .* but not for C\+\+'
    Output line: 'cc1plus: warning: command line option ‘-Wmissing-prototypes’ is valid for C/ObjC but not for C++'
Compilation failed:
    source file: '/home/sensetime/projects/github_opensource/ppl.cv/x64-build/CMakeFiles/CMakeTmp/src.cxx'
    check option: ' -fsigned-char -W -Wall -Werror=return-type -Werror=non-virtual-dtor -Werror=address -Werror=sequence-point -Wformat -Werror=format-security -Wmissing-declarations  -Wmissing-prototypes'
===== BUILD LOG =====
Change Dir: /home/sensetime/projects/github_opensource/ppl.cv/x64-build/CMakeFiles/CMakeTmp

Run Build Command(s):/usr/bin/make -f Makefile cmTC_055a7/fast && /usr/bin/make  -f CMakeFiles/cmTC_055a7.dir/build.make CMakeFiles/cmTC_055a7.dir/build
make[1]: Entering directory '/home/sensetime/projects/github_opensource/ppl.cv/x64-build/CMakeFiles/CMakeTmp'
Building CXX object CMakeFiles/cmTC_055a7.dir/src.cxx.o
/usr/bin/c++   -DNDEBUG -O3 -std=c++11 -fPIC -fvisibility=hidden -Wall -Wno-array-bounds -pthread -ffunction-sections -fdata-sections -ftemplate-depth=2014  -O3 -DNDEBUG -fPIE    -fsigned-char -W -Wall -Werror=return-type -Werror=non-virtual-dtor -Werror=address -Werror=sequence-point -Wformat -Werror=format-security -Wmissing-declarations  -Wmissing-prototypes -std=c++11 -o CMakeFiles/cmTC_055a7.dir/src.cxx.o -c /home/sensetime/projects/github_opensource/ppl.cv/x64-build/CMakeFiles/CMakeTmp/src.cxx
cc1plus: warning: command line option ‘-Wmissing-prototypes’ is valid for C/ObjC but not for C++
/home/sensetime/projects/github_opensource/ppl.cv/x64-build/CMakeFiles/CMakeTmp/src.cxx:1:0: warning: ignoring #pragma   [-Wunknown-pragmas]
 #pragma
 ^
Linking CXX executable cmTC_055a7
/snap/cmake/912/bin/cmake -E cmake_link_script CMakeFiles/cmTC_055a7.dir/link.txt --verbose=1
/usr/bin/c++  -DNDEBUG -O3 -std=c++11 -fPIC -fvisibility=hidden -Wall -Wno-array-bounds -pthread -ffunction-sections -fdata-sections -ftemplate-depth=2014  -O3 -DNDEBUG CMakeFiles/cmTC_055a7.dir/src.cxx.o -o cmTC_055a7 
make[1]: Leaving directory '/home/sensetime/projects/github_opensource/ppl.cv/x64-build/CMakeFiles/CMakeTmp'


===== END =====

Build output check failed:
    Regex: 'command line option .* is valid for .* but not for C\+\+'
    Output line: 'cc1plus: warning: command line option ‘-Wstrict-prototypes’ is valid for C/ObjC but not for C++'
Compilation failed:
    source file: '/home/sensetime/projects/github_opensource/ppl.cv/x64-build/CMakeFiles/CMakeTmp/src.cxx'
    check option: ' -fsigned-char -W -Wall -Werror=return-type -Werror=non-virtual-dtor -Werror=address -Werror=sequence-point -Wformat -Werror=format-security -Wmissing-declarations  -Wstrict-prototypes'
===== BUILD LOG =====
Change Dir: /home/sensetime/projects/github_opensource/ppl.cv/x64-build/CMakeFiles/CMakeTmp

Run Build Command(s):/usr/bin/make -f Makefile cmTC_1e4dd/fast && /usr/bin/make  -f CMakeFiles/cmTC_1e4dd.dir/build.make CMakeFiles/cmTC_1e4dd.dir/build
make[1]: Entering directory '/home/sensetime/projects/github_opensource/ppl.cv/x64-build/CMakeFiles/CMakeTmp'
Building CXX object CMakeFiles/cmTC_1e4dd.dir/src.cxx.o
/usr/bin/c++   -DNDEBUG -O3 -std=c++11 -fPIC -fvisibility=hidden -Wall -Wno-array-bounds -pthread -ffunction-sections -fdata-sections -ftemplate-depth=2014  -O3 -DNDEBUG -fPIE    -fsigned-char -W -Wall -Werror=return-type -Werror=non-virtual-dtor -Werror=address -Werror=sequence-point -Wformat -Werror=format-security -Wmissing-declarations  -Wstrict-prototypes -std=c++11 -o CMakeFiles/cmTC_1e4dd.dir/src.cxx.o -c /home/sensetime/projects/github_opensource/ppl.cv/x64-build/CMakeFiles/CMakeTmp/src.cxx
cc1plus: warning: command line option ‘-Wstrict-prototypes’ is valid for C/ObjC but not for C++
/home/sensetime/projects/github_opensource/ppl.cv/x64-build/CMakeFiles/CMakeTmp/src.cxx:1:0: warning: ignoring #pragma   [-Wunknown-pragmas]
 #pragma
 ^
Linking CXX executable cmTC_1e4dd
/snap/cmake/912/bin/cmake -E cmake_link_script CMakeFiles/cmTC_1e4dd.dir/link.txt --verbose=1
/usr/bin/c++  -DNDEBUG -O3 -std=c++11 -fPIC -fvisibility=hidden -Wall -Wno-array-bounds -pthread -ffunction-sections -fdata-sections -ftemplate-depth=2014  -O3 -DNDEBUG CMakeFiles/cmTC_1e4dd.dir/src.cxx.o -o cmTC_1e4dd 
make[1]: Leaving directory '/home/sensetime/projects/github_opensource/ppl.cv/x64-build/CMakeFiles/CMakeTmp'


===== END =====

Build output check failed:
    Regex: 'command line option .* is valid for .* but not for C'
    Output line: 'cc1: warning: command line option ‘-Wsign-promo’ is valid for C++/ObjC++ but not for C'
Compilation failed:
    source file: '/home/sensetime/projects/github_opensource/ppl.cv/x64-build/CMakeFiles/CMakeTmp/src.c'
    check option: ' -fsigned-char -W -Wall -Werror=return-type -Werror=non-virtual-dtor -Werror=address -Werror=sequence-point -Wformat -Werror=format-security -Wmissing-declarations -Wmissing-prototypes -Wstrict-prototypes -Wundef -Winit-self -Wpointer-arith  -Wsign-promo'
===== BUILD LOG =====
Change Dir: /home/sensetime/projects/github_opensource/ppl.cv/x64-build/CMakeFiles/CMakeTmp

Run Build Command(s):/usr/bin/make -f Makefile cmTC_ff1a2/fast && /usr/bin/make  -f CMakeFiles/cmTC_ff1a2.dir/build.make CMakeFiles/cmTC_ff1a2.dir/build
make[1]: Entering directory '/home/sensetime/projects/github_opensource/ppl.cv/x64-build/CMakeFiles/CMakeTmp'
Building C object CMakeFiles/cmTC_ff1a2.dir/src.c.o
/usr/bin/cc   -DNDEBUG -O3 -fPIC -fvisibility=hidden -Wall -Wno-array-bounds -pthread -ffunction-sections -fdata-sections  -O3 -DNDEBUG -fPIE    -fsigned-char -W -Wall -Werror=return-type -Werror=non-virtual-dtor -Werror=address -Werror=sequence-point -Wformat -Werror=format-security -Wmissing-declarations -Wmissing-prototypes -Wstrict-prototypes -Wundef -Winit-self -Wpointer-arith  -Wsign-promo -o CMakeFiles/cmTC_ff1a2.dir/src.c.o -c /home/sensetime/projects/github_opensource/ppl.cv/x64-build/CMakeFiles/CMakeTmp/src.c
cc1: warning: command line option ‘-Wsign-promo’ is valid for C++/ObjC++ but not for C
/home/sensetime/projects/github_opensource/ppl.cv/x64-build/CMakeFiles/CMakeTmp/src.c:1:0: warning: ignoring #pragma   [-Wunknown-pragmas]
 #pragma
 ^
Linking C executable cmTC_ff1a2
/snap/cmake/912/bin/cmake -E cmake_link_script CMakeFiles/cmTC_ff1a2.dir/link.txt --verbose=1
/usr/bin/cc  -DNDEBUG -O3 -fPIC -fvisibility=hidden -Wall -Wno-array-bounds -pthread -ffunction-sections -fdata-sections  -O3 -DNDEBUG CMakeFiles/cmTC_ff1a2.dir/src.c.o -o cmTC_ff1a2 
make[1]: Leaving directory '/home/sensetime/projects/github_opensource/ppl.cv/x64-build/CMakeFiles/CMakeTmp'


===== END =====

Compilation failed:
    source file: '/home/sensetime/projects/github_opensource/ppl.cv/x64-build/CMakeFiles/CMakeTmp/src.cxx'
    check option: ' -fsigned-char -W -Wall -Werror=return-type -Werror=non-virtual-dtor -Werror=address -Werror=sequence-point -Wformat -Werror=format-security -Wmissing-declarations -Wundef -Winit-self -Wpointer-arith -Wsign-promo -Wuninitialized -Winit-self  -Wsuggest-override'
===== BUILD LOG =====
Change Dir: /home/sensetime/projects/github_opensource/ppl.cv/x64-build/CMakeFiles/CMakeTmp

Run Build Command(s):/usr/bin/make -f Makefile cmTC_2fd07/fast && /usr/bin/make  -f CMakeFiles/cmTC_2fd07.dir/build.make CMakeFiles/cmTC_2fd07.dir/build
make[1]: Entering directory '/home/sensetime/projects/github_opensource/ppl.cv/x64-build/CMakeFiles/CMakeTmp'
Building CXX object CMakeFiles/cmTC_2fd07.dir/src.cxx.o
/usr/bin/c++   -DNDEBUG -O3 -std=c++11 -fPIC -fvisibility=hidden -Wall -Wno-array-bounds -pthread -ffunction-sections -fdata-sections -ftemplate-depth=2014  -O3 -DNDEBUG -fPIE    -fsigned-char -W -Wall -Werror=return-type -Werror=non-virtual-dtor -Werror=address -Werror=sequence-point -Wformat -Werror=format-security -Wmissing-declarations -Wundef -Winit-self -Wpointer-arith -Wsign-promo -Wuninitialized -Winit-self  -Wsuggest-override -std=c++11 -o CMakeFiles/cmTC_2fd07.dir/src.cxx.o -c /home/sensetime/projects/github_opensource/ppl.cv/x64-build/CMakeFiles/CMakeTmp/src.cxx
c++: error: unrecognized command line option ‘-Wsuggest-override’
CMakeFiles/cmTC_2fd07.dir/build.make:77: recipe for target 'CMakeFiles/cmTC_2fd07.dir/src.cxx.o' failed
make[1]: *** [CMakeFiles/cmTC_2fd07.dir/src.cxx.o] Error 1
make[1]: Leaving directory '/home/sensetime/projects/github_opensource/ppl.cv/x64-build/CMakeFiles/CMakeTmp'
Makefile:127: recipe for target 'cmTC_2fd07/fast' failed
make: *** [cmTC_2fd07/fast] Error 2


===== END =====

Compilation failed:
    source file: '/home/sensetime/projects/github_opensource/ppl.cv/x64-build/CMakeFiles/CMakeTmp/src.c'
    check option: ' -fsigned-char -W -Wall -Werror=return-type -Werror=non-virtual-dtor -Werror=address -Werror=sequence-point -Wformat -Werror=format-security -Wmissing-declarations -Wmissing-prototypes -Wstrict-prototypes -Wundef -Winit-self -Wpointer-arith -Wuninitialized -Winit-self  -Wsuggest-override'
===== BUILD LOG =====
Change Dir: /home/sensetime/projects/github_opensource/ppl.cv/x64-build/CMakeFiles/CMakeTmp

Run Build Command(s):/usr/bin/make -f Makefile cmTC_793bd/fast && /usr/bin/make  -f CMakeFiles/cmTC_793bd.dir/build.make CMakeFiles/cmTC_793bd.dir/build
make[1]: Entering directory '/home/sensetime/projects/github_opensource/ppl.cv/x64-build/CMakeFiles/CMakeTmp'
Building C object CMakeFiles/cmTC_793bd.dir/src.c.o
/usr/bin/cc   -DNDEBUG -O3 -fPIC -fvisibility=hidden -Wall -Wno-array-bounds -pthread -ffunction-sections -fdata-sections  -O3 -DNDEBUG -fPIE    -fsigned-char -W -Wall -Werror=return-type -Werror=non-virtual-dtor -Werror=address -Werror=sequence-point -Wformat -Werror=format-security -Wmissing-declarations -Wmissing-prototypes -Wstrict-prototypes -Wundef -Winit-self -Wpointer-arith -Wuninitialized -Winit-self  -Wsuggest-override -o CMakeFiles/cmTC_793bd.dir/src.c.o -c /home/sensetime/projects/github_opensource/ppl.cv/x64-build/CMakeFiles/CMakeTmp/src.c
cc: error: unrecognized command line option ‘-Wsuggest-override’
CMakeFiles/cmTC_793bd.dir/build.make:77: recipe for target 'CMakeFiles/cmTC_793bd.dir/src.c.o' failed
make[1]: *** [CMakeFiles/cmTC_793bd.dir/src.c.o] Error 1
make[1]: Leaving directory '/home/sensetime/projects/github_opensource/ppl.cv/x64-build/CMakeFiles/CMakeTmp'
Makefile:127: recipe for target 'cmTC_793bd/fast' failed
make: *** [cmTC_793bd/fast] Error 2


===== END =====

Build output check failed:
    Regex: 'command line option .* is valid for .* but not for C'
    Output line: 'cc1: warning: command line option ‘-Wno-delete-non-virtual-dtor’ is valid for C++/ObjC++ but not for C'
Compilation failed:
    source file: '/home/sensetime/projects/github_opensource/ppl.cv/x64-build/CMakeFiles/CMakeTmp/src.c'
    check option: ' -fsigned-char -W -Wall -Werror=return-type -Werror=non-virtual-dtor -Werror=address -Werror=sequence-point -Wformat -Werror=format-security -Wmissing-declarations -Wmissing-prototypes -Wstrict-prototypes -Wundef -Winit-self -Wpointer-arith -Wuninitialized -Winit-self  -Wno-delete-non-virtual-dtor'
===== BUILD LOG =====
Change Dir: /home/sensetime/projects/github_opensource/ppl.cv/x64-build/CMakeFiles/CMakeTmp

Run Build Command(s):/usr/bin/make -f Makefile cmTC_bfaec/fast && /usr/bin/make  -f CMakeFiles/cmTC_bfaec.dir/build.make CMakeFiles/cmTC_bfaec.dir/build
make[1]: Entering directory '/home/sensetime/projects/github_opensource/ppl.cv/x64-build/CMakeFiles/CMakeTmp'
Building C object CMakeFiles/cmTC_bfaec.dir/src.c.o
/usr/bin/cc   -DNDEBUG -O3 -fPIC -fvisibility=hidden -Wall -Wno-array-bounds -pthread -ffunction-sections -fdata-sections  -O3 -DNDEBUG -fPIE    -fsigned-char -W -Wall -Werror=return-type -Werror=non-virtual-dtor -Werror=address -Werror=sequence-point -Wformat -Werror=format-security -Wmissing-declarations -Wmissing-prototypes -Wstrict-prototypes -Wundef -Winit-self -Wpointer-arith -Wuninitialized -Winit-self  -Wno-delete-non-virtual-dtor -o CMakeFiles/cmTC_bfaec.dir/src.c.o -c /home/sensetime/projects/github_opensource/ppl.cv/x64-build/CMakeFiles/CMakeTmp/src.c
cc1: warning: command line option ‘-Wno-delete-non-virtual-dtor’ is valid for C++/ObjC++ but not for C
/home/sensetime/projects/github_opensource/ppl.cv/x64-build/CMakeFiles/CMakeTmp/src.c:1:0: warning: ignoring #pragma   [-Wunknown-pragmas]
 #pragma
 ^
Linking C executable cmTC_bfaec
/snap/cmake/912/bin/cmake -E cmake_link_script CMakeFiles/cmTC_bfaec.dir/link.txt --verbose=1
/usr/bin/cc  -DNDEBUG -O3 -fPIC -fvisibility=hidden -Wall -Wno-array-bounds -pthread -ffunction-sections -fdata-sections  -O3 -DNDEBUG CMakeFiles/cmTC_bfaec.dir/src.c.o -o cmTC_bfaec 
make[1]: Leaving directory '/home/sensetime/projects/github_opensource/ppl.cv/x64-build/CMakeFiles/CMakeTmp'


===== END =====

Build output check failed:
    Regex: 'unrecognized .*option'
    Output line: 'cc1plus: warning: unrecognized command line option "-Wno-unnamed-type-template-args"'
Compilation failed:
    source file: '/home/sensetime/projects/github_opensource/ppl.cv/x64-build/CMakeFiles/CMakeTmp/src.cxx'
    check option: ' -fsigned-char -W -Wall -Werror=return-type -Werror=non-virtual-dtor -Werror=address -Werror=sequence-point -Wformat -Werror=format-security -Wmissing-declarations -Wundef -Winit-self -Wpointer-arith -Wsign-promo -Wuninitialized -Winit-self -Wno-delete-non-virtual-dtor  -Wno-unnamed-type-template-args'
===== BUILD LOG =====
Change Dir: /home/sensetime/projects/github_opensource/ppl.cv/x64-build/CMakeFiles/CMakeTmp

Run Build Command(s):/usr/bin/make -f Makefile cmTC_d5357/fast && /usr/bin/make  -f CMakeFiles/cmTC_d5357.dir/build.make CMakeFiles/cmTC_d5357.dir/build
make[1]: Entering directory '/home/sensetime/projects/github_opensource/ppl.cv/x64-build/CMakeFiles/CMakeTmp'
Building CXX object CMakeFiles/cmTC_d5357.dir/src.cxx.o
/usr/bin/c++   -DNDEBUG -O3 -std=c++11 -fPIC -fvisibility=hidden -Wall -Wno-array-bounds -pthread -ffunction-sections -fdata-sections -ftemplate-depth=2014  -O3 -DNDEBUG -fPIE    -fsigned-char -W -Wall -Werror=return-type -Werror=non-virtual-dtor -Werror=address -Werror=sequence-point -Wformat -Werror=format-security -Wmissing-declarations -Wundef -Winit-self -Wpointer-arith -Wsign-promo -Wuninitialized -Winit-self -Wno-delete-non-virtual-dtor  -Wno-unnamed-type-template-args -std=c++11 -o CMakeFiles/cmTC_d5357.dir/src.cxx.o -c /home/sensetime/projects/github_opensource/ppl.cv/x64-build/CMakeFiles/CMakeTmp/src.cxx
/home/sensetime/projects/github_opensource/ppl.cv/x64-build/CMakeFiles/CMakeTmp/src.cxx:1:0: warning: ignoring #pragma   [-Wunknown-pragmas]
 #pragma
 ^
cc1plus: warning: unrecognized command line option "-Wno-unnamed-type-template-args"
Linking CXX executable cmTC_d5357
/snap/cmake/912/bin/cmake -E cmake_link_script CMakeFiles/cmTC_d5357.dir/link.txt --verbose=1
/usr/bin/c++  -DNDEBUG -O3 -std=c++11 -fPIC -fvisibility=hidden -Wall -Wno-array-bounds -pthread -ffunction-sections -fdata-sections -ftemplate-depth=2014  -O3 -DNDEBUG CMakeFiles/cmTC_d5357.dir/src.cxx.o -o cmTC_d5357 
make[1]: Leaving directory '/home/sensetime/projects/github_opensource/ppl.cv/x64-build/CMakeFiles/CMakeTmp'


===== END =====

Build output check failed:
    Regex: 'unrecognized .*option'
    Output line: 'cc1: warning: unrecognized command line option "-Wno-unnamed-type-template-args"'
Compilation failed:
    source file: '/home/sensetime/projects/github_opensource/ppl.cv/x64-build/CMakeFiles/CMakeTmp/src.c'
    check option: ' -fsigned-char -W -Wall -Werror=return-type -Werror=non-virtual-dtor -Werror=address -Werror=sequence-point -Wformat -Werror=format-security -Wmissing-declarations -Wmissing-prototypes -Wstrict-prototypes -Wundef -Winit-self -Wpointer-arith -Wuninitialized -Winit-self  -Wno-unnamed-type-template-args'
===== BUILD LOG =====
Change Dir: /home/sensetime/projects/github_opensource/ppl.cv/x64-build/CMakeFiles/CMakeTmp

Run Build Command(s):/usr/bin/make -f Makefile cmTC_5a96b/fast && /usr/bin/make  -f CMakeFiles/cmTC_5a96b.dir/build.make CMakeFiles/cmTC_5a96b.dir/build
make[1]: Entering directory '/home/sensetime/projects/github_opensource/ppl.cv/x64-build/CMakeFiles/CMakeTmp'
Building C object CMakeFiles/cmTC_5a96b.dir/src.c.o
/usr/bin/cc   -DNDEBUG -O3 -fPIC -fvisibility=hidden -Wall -Wno-array-bounds -pthread -ffunction-sections -fdata-sections  -O3 -DNDEBUG -fPIE    -fsigned-char -W -Wall -Werror=return-type -Werror=non-virtual-dtor -Werror=address -Werror=sequence-point -Wformat -Werror=format-security -Wmissing-declarations -Wmissing-prototypes -Wstrict-prototypes -Wundef -Winit-self -Wpointer-arith -Wuninitialized -Winit-self  -Wno-unnamed-type-template-args -o CMakeFiles/cmTC_5a96b.dir/src.c.o -c /home/sensetime/projects/github_opensource/ppl.cv/x64-build/CMakeFiles/CMakeTmp/src.c
/home/sensetime/projects/github_opensource/ppl.cv/x64-build/CMakeFiles/CMakeTmp/src.c:1:0: warning: ignoring #pragma   [-Wunknown-pragmas]
 #pragma
 ^
cc1: warning: unrecognized command line option "-Wno-unnamed-type-template-args"
Linking C executable cmTC_5a96b
/snap/cmake/912/bin/cmake -E cmake_link_script CMakeFiles/cmTC_5a96b.dir/link.txt --verbose=1
/usr/bin/cc  -DNDEBUG -O3 -fPIC -fvisibility=hidden -Wall -Wno-array-bounds -pthread -ffunction-sections -fdata-sections  -O3 -DNDEBUG CMakeFiles/cmTC_5a96b.dir/src.c.o -o cmTC_5a96b 
make[1]: Leaving directory '/home/sensetime/projects/github_opensource/ppl.cv/x64-build/CMakeFiles/CMakeTmp'


===== END =====

Build output check failed:
    Regex: 'unrecognized .*option'
    Output line: 'cc1: warning: unrecognized command line option "-Wno-implicit-fallthrough"'
Compilation failed:
    source file: '/home/sensetime/projects/github_opensource/ppl.cv/x64-build/CMakeFiles/CMakeTmp/src.c'
    check option: ' -Wno-implicit-fallthrough'
===== BUILD LOG =====
Change Dir: /home/sensetime/projects/github_opensource/ppl.cv/x64-build/CMakeFiles/CMakeTmp

Run Build Command(s):/usr/bin/make -f Makefile cmTC_47448/fast && /usr/bin/make  -f CMakeFiles/cmTC_47448.dir/build.make CMakeFiles/cmTC_47448.dir/build
make[1]: Entering directory '/home/sensetime/projects/github_opensource/ppl.cv/x64-build/CMakeFiles/CMakeTmp'
Building C object CMakeFiles/cmTC_47448.dir/src.c.o
/usr/bin/cc   -DNDEBUG -O3 -fPIC -fvisibility=hidden -Wall -Wno-array-bounds -pthread -ffunction-sections -fdata-sections   -fsigned-char -W -Wall -Werror=return-type -Werror=non-virtual-dtor -Werror=address -Werror=sequence-point -Wformat -Werror=format-security -Wstrict-prototypes -Wundef -Winit-self -Wpointer-arith -Wuninitialized -Winit-self -Wno-comment -Wno-missing-field-initializers -fdiagnostics-show-option -Wno-long-long -pthread -fomit-frame-pointer -ffunction-sections -fdata-sections  -msse -msse2 -msse3 -std=c99 -Wno-unused-variable -Wno-unused-function -Wno-shadow -Wno-maybe-uninitialized -Wno-missing-prototypes -Wno-missing-declarations  -O3 -DNDEBUG -fPIE    -Wno-implicit-fallthrough -o CMakeFiles/cmTC_47448.dir/src.c.o -c /home/sensetime/projects/github_opensource/ppl.cv/x64-build/CMakeFiles/CMakeTmp/src.c
/home/sensetime/projects/github_opensource/ppl.cv/x64-build/CMakeFiles/CMakeTmp/src.c:1:0: warning: ignoring #pragma   [-Wunknown-pragmas]
 #pragma
 ^
cc1: warning: unrecognized command line option "-Wno-implicit-fallthrough"
Linking C executable cmTC_47448
/snap/cmake/912/bin/cmake -E cmake_link_script CMakeFiles/cmTC_47448.dir/link.txt --verbose=1
/usr/bin/cc  -DNDEBUG -O3 -fPIC -fvisibility=hidden -Wall -Wno-array-bounds -pthread -ffunction-sections -fdata-sections   -fsigned-char -W -Wall -Werror=return-type -Werror=non-virtual-dtor -Werror=address -Werror=sequence-point -Wformat -Werror=format-security -Wstrict-prototypes -Wundef -Winit-self -Wpointer-arith -Wuninitialized -Winit-self -Wno-comment -Wno-missing-field-initializers -fdiagnostics-show-option -Wno-long-long -pthread -fomit-frame-pointer -ffunction-sections -fdata-sections  -msse -msse2 -msse3 -std=c99 -Wno-unused-variable -Wno-unused-function -Wno-shadow -Wno-maybe-uninitialized -Wno-missing-prototypes -Wno-missing-declarations  -O3 -DNDEBUG   -Wl,--gc-sections  CMakeFiles/cmTC_47448.dir/src.c.o -o cmTC_47448 
make[1]: Leaving directory '/home/sensetime/projects/github_opensource/ppl.cv/x64-build/CMakeFiles/CMakeTmp'


===== END =====

Build output check failed:
    Regex: 'unrecognized .*option'
    Output line: 'cc1plus: warning: unrecognized command line option "-Wno-misleading-indentation"'
Compilation failed:
    source file: '/home/sensetime/projects/github_opensource/ppl.cv/x64-build/CMakeFiles/CMakeTmp/src.cxx'
    check option: ' -Wno-misleading-indentation'
===== BUILD LOG =====
Change Dir: /home/sensetime/projects/github_opensource/ppl.cv/x64-build/CMakeFiles/CMakeTmp

Run Build Command(s):/usr/bin/make -f Makefile cmTC_fafc1/fast && /usr/bin/make  -f CMakeFiles/cmTC_fafc1.dir/build.make CMakeFiles/cmTC_fafc1.dir/build
make[1]: Entering directory '/home/sensetime/projects/github_opensource/ppl.cv/x64-build/CMakeFiles/CMakeTmp'
Building CXX object CMakeFiles/cmTC_fafc1.dir/src.cxx.o
/usr/bin/c++   -DNDEBUG -O3 -std=c++11 -fPIC -fvisibility=hidden -Wall -Wno-array-bounds -pthread -ffunction-sections -fdata-sections -ftemplate-depth=2014   -fsigned-char -W -Wall -Werror=return-type -Werror=non-virtual-dtor -Werror=address -Werror=sequence-point -Wformat -Werror=format-security -Winit-self -Wpointer-arith -Wsign-promo -Winit-self -Wno-delete-non-virtual-dtor -Wno-comment -Wno-missing-field-initializers -fdiagnostics-show-option -Wno-long-long -pthread -fomit-frame-pointer -ffunction-sections -fdata-sections  -msse -msse2 -msse3 -Wno-shadow -Wno-unused -Wno-sign-compare -Wno-undef -Wno-missing-declarations -Wno-uninitialized -Wno-switch -Wno-parentheses -Wno-array-bounds -Wno-extra -Wno-deprecated-declarations  -O3 -DNDEBUG -fPIE    -Wno-misleading-indentation -std=c++11 -o CMakeFiles/cmTC_fafc1.dir/src.cxx.o -c /home/sensetime/projects/github_opensource/ppl.cv/x64-build/CMakeFiles/CMakeTmp/src.cxx
/home/sensetime/projects/github_opensource/ppl.cv/x64-build/CMakeFiles/CMakeTmp/src.cxx:1:0: warning: ignoring #pragma   [-Wunknown-pragmas]
 #pragma
 ^
cc1plus: warning: unrecognized command line option "-Wno-misleading-indentation"
Linking CXX executable cmTC_fafc1
/snap/cmake/912/bin/cmake -E cmake_link_script CMakeFiles/cmTC_fafc1.dir/link.txt --verbose=1
/usr/bin/c++  -DNDEBUG -O3 -std=c++11 -fPIC -fvisibility=hidden -Wall -Wno-array-bounds -pthread -ffunction-sections -fdata-sections -ftemplate-depth=2014   -fsigned-char -W -Wall -Werror=return-type -Werror=non-virtual-dtor -Werror=address -Werror=sequence-point -Wformat -Werror=format-security -Winit-self -Wpointer-arith -Wsign-promo -Winit-self -Wno-delete-non-virtual-dtor -Wno-comment -Wno-missing-field-initializers -fdiagnostics-show-option -Wno-long-long -pthread -fomit-frame-pointer -ffunction-sections -fdata-sections  -msse -msse2 -msse3 -Wno-shadow -Wno-unused -Wno-sign-compare -Wno-undef -Wno-missing-declarations -Wno-uninitialized -Wno-switch -Wno-parentheses -Wno-array-bounds -Wno-extra -Wno-deprecated-declarations  -O3 -DNDEBUG   -Wl,--gc-sections  CMakeFiles/cmTC_fafc1.dir/src.cxx.o -o cmTC_fafc1 
make[1]: Leaving directory '/home/sensetime/projects/github_opensource/ppl.cv/x64-build/CMakeFiles/CMakeTmp'


===== END =====

Build output check failed:
    Regex: 'unrecognized .*option'
    Output line: 'cc1plus: warning: unrecognized command line option "-Wno-suggest-override"'
Compilation failed:
    source file: '/home/sensetime/projects/github_opensource/ppl.cv/x64-build/CMakeFiles/CMakeTmp/src.cxx'
    check option: ' -Wno-suggest-override'
===== BUILD LOG =====
Change Dir: /home/sensetime/projects/github_opensource/ppl.cv/x64-build/CMakeFiles/CMakeTmp

Run Build Command(s):/usr/bin/make -f Makefile cmTC_d18a5/fast && /usr/bin/make  -f CMakeFiles/cmTC_d18a5.dir/build.make CMakeFiles/cmTC_d18a5.dir/build
make[1]: Entering directory '/home/sensetime/projects/github_opensource/ppl.cv/x64-build/CMakeFiles/CMakeTmp'
Building CXX object CMakeFiles/cmTC_d18a5.dir/src.cxx.o
/usr/bin/c++   -DNDEBUG -O3 -std=c++11 -fPIC -fvisibility=hidden -Wall -Wno-array-bounds -pthread -ffunction-sections -fdata-sections -ftemplate-depth=2014   -fsigned-char -W -Wall -Werror=return-type -Werror=non-virtual-dtor -Werror=address -Werror=sequence-point -Wformat -Werror=format-security -Winit-self -Wpointer-arith -Wsign-promo -Winit-self -Wno-delete-non-virtual-dtor -Wno-comment -Wno-missing-field-initializers -fdiagnostics-show-option -Wno-long-long -pthread -fomit-frame-pointer -ffunction-sections -fdata-sections  -msse -msse2 -msse3 -Wno-shadow -Wno-unused -Wno-sign-compare -Wno-undef -Wno-missing-declarations -Wno-uninitialized -Wno-switch -Wno-parentheses -Wno-array-bounds -Wno-extra -Wno-deprecated-declarations -Wno-deprecated  -O3 -DNDEBUG -fPIE    -Wno-suggest-override -std=c++11 -o CMakeFiles/cmTC_d18a5.dir/src.cxx.o -c /home/sensetime/projects/github_opensource/ppl.cv/x64-build/CMakeFiles/CMakeTmp/src.cxx
/home/sensetime/projects/github_opensource/ppl.cv/x64-build/CMakeFiles/CMakeTmp/src.cxx:1:0: warning: ignoring #pragma   [-Wunknown-pragmas]
 #pragma
 ^
cc1plus: warning: unrecognized command line option "-Wno-suggest-override"
Linking CXX executable cmTC_d18a5
/snap/cmake/912/bin/cmake -E cmake_link_script CMakeFiles/cmTC_d18a5.dir/link.txt --verbose=1
/usr/bin/c++  -DNDEBUG -O3 -std=c++11 -fPIC -fvisibility=hidden -Wall -Wno-array-bounds -pthread -ffunction-sections -fdata-sections -ftemplate-depth=2014   -fsigned-char -W -Wall -Werror=return-type -Werror=non-virtual-dtor -Werror=address -Werror=sequence-point -Wformat -Werror=format-security -Winit-self -Wpointer-arith -Wsign-promo -Winit-self -Wno-delete-non-virtual-dtor -Wno-comment -Wno-missing-field-initializers -fdiagnostics-show-option -Wno-long-long -pthread -fomit-frame-pointer -ffunction-sections -fdata-sections  -msse -msse2 -msse3 -Wno-shadow -Wno-unused -Wno-sign-compare -Wno-undef -Wno-missing-declarations -Wno-uninitialized -Wno-switch -Wno-parentheses -Wno-array-bounds -Wno-extra -Wno-deprecated-declarations -Wno-deprecated  -O3 -DNDEBUG   -Wl,--gc-sections  CMakeFiles/cmTC_d18a5.dir/src.cxx.o -o cmTC_d18a5 
make[1]: Leaving directory '/home/sensetime/projects/github_opensource/ppl.cv/x64-build/CMakeFiles/CMakeTmp'


===== END =====

Build output check failed:
    Regex: 'unrecognized .*option'
    Output line: 'cc1plus: warning: unrecognized command line option "-Wno-inconsistent-missing-override"'
Compilation failed:
    source file: '/home/sensetime/projects/github_opensource/ppl.cv/x64-build/CMakeFiles/CMakeTmp/src.cxx'
    check option: ' -Wno-inconsistent-missing-override'
===== BUILD LOG =====
Change Dir: /home/sensetime/projects/github_opensource/ppl.cv/x64-build/CMakeFiles/CMakeTmp

Run Build Command(s):/usr/bin/make -f Makefile cmTC_39445/fast && /usr/bin/make  -f CMakeFiles/cmTC_39445.dir/build.make CMakeFiles/cmTC_39445.dir/build
make[1]: Entering directory '/home/sensetime/projects/github_opensource/ppl.cv/x64-build/CMakeFiles/CMakeTmp'
Building CXX object CMakeFiles/cmTC_39445.dir/src.cxx.o
/usr/bin/c++   -DNDEBUG -O3 -std=c++11 -fPIC -fvisibility=hidden -Wall -Wno-array-bounds -pthread -ffunction-sections -fdata-sections -ftemplate-depth=2014   -fsigned-char -W -Wall -Werror=return-type -Werror=non-virtual-dtor -Werror=address -Werror=sequence-point -Wformat -Werror=format-security -Winit-self -Wpointer-arith -Wsign-promo -Winit-self -Wno-delete-non-virtual-dtor -Wno-comment -Wno-missing-field-initializers -fdiagnostics-show-option -Wno-long-long -pthread -fomit-frame-pointer -ffunction-sections -fdata-sections  -msse -msse2 -msse3 -Wno-shadow -Wno-unused -Wno-sign-compare -Wno-undef -Wno-missing-declarations -Wno-uninitialized -Wno-switch -Wno-parentheses -Wno-array-bounds -Wno-extra -Wno-deprecated-declarations -Wno-deprecated  -O3 -DNDEBUG -fPIE    -Wno-inconsistent-missing-override -std=c++11 -o CMakeFiles/cmTC_39445.dir/src.cxx.o -c /home/sensetime/projects/github_opensource/ppl.cv/x64-build/CMakeFiles/CMakeTmp/src.cxx
/home/sensetime/projects/github_opensource/ppl.cv/x64-build/CMakeFiles/CMakeTmp/src.cxx:1:0: warning: ignoring #pragma   [-Wunknown-pragmas]
 #pragma
 ^
cc1plus: warning: unrecognized command line option "-Wno-inconsistent-missing-override"
Linking CXX executable cmTC_39445
/snap/cmake/912/bin/cmake -E cmake_link_script CMakeFiles/cmTC_39445.dir/link.txt --verbose=1
/usr/bin/c++  -DNDEBUG -O3 -std=c++11 -fPIC -fvisibility=hidden -Wall -Wno-array-bounds -pthread -ffunction-sections -fdata-sections -ftemplate-depth=2014   -fsigned-char -W -Wall -Werror=return-type -Werror=non-virtual-dtor -Werror=address -Werror=sequence-point -Wformat -Werror=format-security -Winit-self -Wpointer-arith -Wsign-promo -Winit-self -Wno-delete-non-virtual-dtor -Wno-comment -Wno-missing-field-initializers -fdiagnostics-show-option -Wno-long-long -pthread -fomit-frame-pointer -ffunction-sections -fdata-sections  -msse -msse2 -msse3 -Wno-shadow -Wno-unused -Wno-sign-compare -Wno-undef -Wno-missing-declarations -Wno-uninitialized -Wno-switch -Wno-parentheses -Wno-array-bounds -Wno-extra -Wno-deprecated-declarations -Wno-deprecated  -O3 -DNDEBUG   -Wl,--gc-sections  CMakeFiles/cmTC_39445.dir/src.cxx.o -o cmTC_39445 
make[1]: Leaving directory '/home/sensetime/projects/github_opensource/ppl.cv/x64-build/CMakeFiles/CMakeTmp'


===== END =====

Build output check failed:
    Regex: 'unrecognized .*option'
    Output line: 'cc1plus: warning: unrecognized command line option "-Wno-implicit-fallthrough"'
Compilation failed:
    source file: '/home/sensetime/projects/github_opensource/ppl.cv/x64-build/CMakeFiles/CMakeTmp/src.cxx'
    check option: ' -Wno-implicit-fallthrough'
===== BUILD LOG =====
Change Dir: /home/sensetime/projects/github_opensource/ppl.cv/x64-build/CMakeFiles/CMakeTmp

Run Build Command(s):/usr/bin/make -f Makefile cmTC_7b59b/fast && /usr/bin/make  -f CMakeFiles/cmTC_7b59b.dir/build.make CMakeFiles/cmTC_7b59b.dir/build
make[1]: Entering directory '/home/sensetime/projects/github_opensource/ppl.cv/x64-build/CMakeFiles/CMakeTmp'
Building CXX object CMakeFiles/cmTC_7b59b.dir/src.cxx.o
/usr/bin/c++   -DNDEBUG -O3 -std=c++11 -fPIC -fvisibility=hidden -Wall -Wno-array-bounds -pthread -ffunction-sections -fdata-sections -ftemplate-depth=2014   -fsigned-char -W -Wall -Werror=return-type -Werror=non-virtual-dtor -Werror=address -Werror=sequence-point -Wformat -Werror=format-security -Winit-self -Wpointer-arith -Wsign-promo -Winit-self -Wno-delete-non-virtual-dtor -Wno-comment -Wno-missing-field-initializers -fdiagnostics-show-option -Wno-long-long -pthread -fomit-frame-pointer -ffunction-sections -fdata-sections  -msse -msse2 -msse3 -Wno-shadow -Wno-unused -Wno-sign-compare -Wno-undef -Wno-missing-declarations -Wno-uninitialized -Wno-switch -Wno-parentheses -Wno-array-bounds -Wno-extra -Wno-deprecated-declarations -Wno-deprecated  -O3 -DNDEBUG -fPIE    -Wno-implicit-fallthrough -std=c++11 -o CMakeFiles/cmTC_7b59b.dir/src.cxx.o -c /home/sensetime/projects/github_opensource/ppl.cv/x64-build/CMakeFiles/CMakeTmp/src.cxx
/home/sensetime/projects/github_opensource/ppl.cv/x64-build/CMakeFiles/CMakeTmp/src.cxx:1:0: warning: ignoring #pragma   [-Wunknown-pragmas]
 #pragma
 ^
cc1plus: warning: unrecognized command line option "-Wno-implicit-fallthrough"
Linking CXX executable cmTC_7b59b
/snap/cmake/912/bin/cmake -E cmake_link_script CMakeFiles/cmTC_7b59b.dir/link.txt --verbose=1
/usr/bin/c++  -DNDEBUG -O3 -std=c++11 -fPIC -fvisibility=hidden -Wall -Wno-array-bounds -pthread -ffunction-sections -fdata-sections -ftemplate-depth=2014   -fsigned-char -W -Wall -Werror=return-type -Werror=non-virtual-dtor -Werror=address -Werror=sequence-point -Wformat -Werror=format-security -Winit-self -Wpointer-arith -Wsign-promo -Winit-self -Wno-delete-non-virtual-dtor -Wno-comment -Wno-missing-field-initializers -fdiagnostics-show-option -Wno-long-long -pthread -fomit-frame-pointer -ffunction-sections -fdata-sections  -msse -msse2 -msse3 -Wno-shadow -Wno-unused -Wno-sign-compare -Wno-undef -Wno-missing-declarations -Wno-uninitialized -Wno-switch -Wno-parentheses -Wno-array-bounds -Wno-extra -Wno-deprecated-declarations -Wno-deprecated  -O3 -DNDEBUG   -Wl,--gc-sections  CMakeFiles/cmTC_7b59b.dir/src.cxx.o -o cmTC_7b59b 
make[1]: Leaving directory '/home/sensetime/projects/github_opensource/ppl.cv/x64-build/CMakeFiles/CMakeTmp'


===== END =====

Build output check failed:
    Regex: 'unrecognized .*option'
    Output line: 'cc1plus: warning: unrecognized command line option "-Wno-tautological-compare"'
Compilation failed:
    source file: '/home/sensetime/projects/github_opensource/ppl.cv/x64-build/CMakeFiles/CMakeTmp/src.cxx'
    check option: ' -Wno-tautological-compare'
===== BUILD LOG =====
Change Dir: /home/sensetime/projects/github_opensource/ppl.cv/x64-build/CMakeFiles/CMakeTmp

Run Build Command(s):/usr/bin/make -f Makefile cmTC_82f3b/fast && /usr/bin/make  -f CMakeFiles/cmTC_82f3b.dir/build.make CMakeFiles/cmTC_82f3b.dir/build
make[1]: Entering directory '/home/sensetime/projects/github_opensource/ppl.cv/x64-build/CMakeFiles/CMakeTmp'
Building CXX object CMakeFiles/cmTC_82f3b.dir/src.cxx.o
/usr/bin/c++   -DNDEBUG -O3 -std=c++11 -fPIC -fvisibility=hidden -Wall -Wno-array-bounds -pthread -ffunction-sections -fdata-sections -ftemplate-depth=2014   -fsigned-char -W -Wall -Werror=return-type -Werror=non-virtual-dtor -Werror=address -Werror=sequence-point -Wformat -Werror=format-security -Winit-self -Wpointer-arith -Wsign-promo -Winit-self -Wno-delete-non-virtual-dtor -Wno-comment -Wno-missing-field-initializers -fdiagnostics-show-option -Wno-long-long -pthread -fomit-frame-pointer -ffunction-sections -fdata-sections  -msse -msse2 -msse3 -Wno-shadow -Wno-unused -Wno-sign-compare -Wno-undef -Wno-missing-declarations -Wno-uninitialized -Wno-switch -Wno-parentheses -Wno-array-bounds -Wno-extra -Wno-deprecated-declarations -Wno-deprecated  -O3 -DNDEBUG -fPIE    -Wno-tautological-compare -std=c++11 -o CMakeFiles/cmTC_82f3b.dir/src.cxx.o -c /home/sensetime/projects/github_opensource/ppl.cv/x64-build/CMakeFiles/CMakeTmp/src.cxx
/home/sensetime/projects/github_opensource/ppl.cv/x64-build/CMakeFiles/CMakeTmp/src.cxx:1:0: warning: ignoring #pragma   [-Wunknown-pragmas]
 #pragma
 ^
cc1plus: warning: unrecognized command line option "-Wno-tautological-compare"
Linking CXX executable cmTC_82f3b
/snap/cmake/912/bin/cmake -E cmake_link_script CMakeFiles/cmTC_82f3b.dir/link.txt --verbose=1
/usr/bin/c++  -DNDEBUG -O3 -std=c++11 -fPIC -fvisibility=hidden -Wall -Wno-array-bounds -pthread -ffunction-sections -fdata-sections -ftemplate-depth=2014   -fsigned-char -W -Wall -Werror=return-type -Werror=non-virtual-dtor -Werror=address -Werror=sequence-point -Wformat -Werror=format-security -Winit-self -Wpointer-arith -Wsign-promo -Winit-self -Wno-delete-non-virtual-dtor -Wno-comment -Wno-missing-field-initializers -fdiagnostics-show-option -Wno-long-long -pthread -fomit-frame-pointer -ffunction-sections -fdata-sections  -msse -msse2 -msse3 -Wno-shadow -Wno-unused -Wno-sign-compare -Wno-undef -Wno-missing-declarations -Wno-uninitialized -Wno-switch -Wno-parentheses -Wno-array-bounds -Wno-extra -Wno-deprecated-declarations -Wno-deprecated  -O3 -DNDEBUG   -Wl,--gc-sections  CMakeFiles/cmTC_82f3b.dir/src.cxx.o -o cmTC_82f3b 
make[1]: Leaving directory '/home/sensetime/projects/github_opensource/ppl.cv/x64-build/CMakeFiles/CMakeTmp'


===== END =====

Build output check failed:
    Regex: 'command line option .* is valid for .* but not for C\+\+'
    Output line: 'cc1plus: warning: command line option ‘-Wno-missing-prototypes’ is valid for C/ObjC but not for C++'
Compilation failed:
    source file: '/home/sensetime/projects/github_opensource/ppl.cv/x64-build/CMakeFiles/CMakeTmp/src.cxx'
    check option: ' -Wno-missing-prototypes'
===== BUILD LOG =====
Change Dir: /home/sensetime/projects/github_opensource/ppl.cv/x64-build/CMakeFiles/CMakeTmp

Run Build Command(s):/usr/bin/make -f Makefile cmTC_a7fad/fast && /usr/bin/make  -f CMakeFiles/cmTC_a7fad.dir/build.make CMakeFiles/cmTC_a7fad.dir/build
make[1]: Entering directory '/home/sensetime/projects/github_opensource/ppl.cv/x64-build/CMakeFiles/CMakeTmp'
Building CXX object CMakeFiles/cmTC_a7fad.dir/src.cxx.o
/usr/bin/c++   -DNDEBUG -O3 -std=c++11 -fPIC -fvisibility=hidden -Wall -Wno-array-bounds -pthread -ffunction-sections -fdata-sections -ftemplate-depth=2014   -fsigned-char -W -Wall -Werror=return-type -Werror=non-virtual-dtor -Werror=address -Werror=sequence-point -Wformat -Werror=format-security -Winit-self -Wpointer-arith -Wsign-promo -Winit-self -Wno-delete-non-virtual-dtor -Wno-comment -Wno-missing-field-initializers -fdiagnostics-show-option -Wno-long-long -pthread -fomit-frame-pointer -ffunction-sections -fdata-sections  -msse -msse2 -msse3 -Wno-shadow -Wno-unused -Wno-sign-compare -Wno-undef -Wno-missing-declarations -Wno-uninitialized -Wno-switch -Wno-parentheses -Wno-array-bounds -Wno-extra -Wno-deprecated-declarations -Wno-deprecated  -O3 -DNDEBUG -fPIE    -Wno-missing-prototypes -std=c++11 -o CMakeFiles/cmTC_a7fad.dir/src.cxx.o -c /home/sensetime/projects/github_opensource/ppl.cv/x64-build/CMakeFiles/CMakeTmp/src.cxx
cc1plus: warning: command line option ‘-Wno-missing-prototypes’ is valid for C/ObjC but not for C++
/home/sensetime/projects/github_opensource/ppl.cv/x64-build/CMakeFiles/CMakeTmp/src.cxx:1:0: warning: ignoring #pragma   [-Wunknown-pragmas]
 #pragma
 ^
Linking CXX executable cmTC_a7fad
/snap/cmake/912/bin/cmake -E cmake_link_script CMakeFiles/cmTC_a7fad.dir/link.txt --verbose=1
/usr/bin/c++  -DNDEBUG -O3 -std=c++11 -fPIC -fvisibility=hidden -Wall -Wno-array-bounds -pthread -ffunction-sections -fdata-sections -ftemplate-depth=2014   -fsigned-char -W -Wall -Werror=return-type -Werror=non-virtual-dtor -Werror=address -Werror=sequence-point -Wformat -Werror=format-security -Winit-self -Wpointer-arith -Wsign-promo -Winit-self -Wno-delete-non-virtual-dtor -Wno-comment -Wno-missing-field-initializers -fdiagnostics-show-option -Wno-long-long -pthread -fomit-frame-pointer -ffunction-sections -fdata-sections  -msse -msse2 -msse3 -Wno-shadow -Wno-unused -Wno-sign-compare -Wno-undef -Wno-missing-declarations -Wno-uninitialized -Wno-switch -Wno-parentheses -Wno-array-bounds -Wno-extra -Wno-deprecated-declarations -Wno-deprecated  -O3 -DNDEBUG   -Wl,--gc-sections  CMakeFiles/cmTC_a7fad.dir/src.cxx.o -o cmTC_a7fad 
make[1]: Leaving directory '/home/sensetime/projects/github_opensource/ppl.cv/x64-build/CMakeFiles/CMakeTmp'


===== END =====

Determining if the function sgemm_ exists failed with the following output:
Change Dir: /home/sensetime/projects/github_opensource/ppl.cv/x64-build/CMakeFiles/CMakeTmp

Run Build Command(s):/usr/bin/make -f Makefile cmTC_c6fca/fast && /usr/bin/make  -f CMakeFiles/cmTC_c6fca.dir/build.make CMakeFiles/cmTC_c6fca.dir/build
make[1]: Entering directory '/home/sensetime/projects/github_opensource/ppl.cv/x64-build/CMakeFiles/CMakeTmp'
Building C object CMakeFiles/cmTC_c6fca.dir/CheckFunctionExists.c.o
/usr/bin/cc   -DNDEBUG -O3 -fPIC -fvisibility=hidden -Wall -Wno-array-bounds -pthread -ffunction-sections -fdata-sections   -fsigned-char -W -Wall -Werror=return-type -Werror=non-virtual-dtor -Werror=address -Werror=sequence-point -Wformat -Werror=format-security -Wmissing-declarations -Wmissing-prototypes -Wstrict-prototypes -Wundef -Winit-self -Wpointer-arith -Wuninitialized -Winit-self -Wno-comment -Wno-missing-field-initializers -fdiagnostics-show-option -Wno-long-long -pthread -fomit-frame-pointer -ffunction-sections -fdata-sections  -msse -msse2 -msse3 -DCHECK_FUNCTION_EXISTS=sgemm_ -O3 -DNDEBUG -fPIE -o CMakeFiles/cmTC_c6fca.dir/CheckFunctionExists.c.o -c /snap/cmake/912/share/cmake-3.21/Modules/CheckFunctionExists.c
Linking C executable cmTC_c6fca
/snap/cmake/912/bin/cmake -E cmake_link_script CMakeFiles/cmTC_c6fca.dir/link.txt --verbose=1
/usr/bin/cc  -DNDEBUG -O3 -fPIC -fvisibility=hidden -Wall -Wno-array-bounds -pthread -ffunction-sections -fdata-sections   -fsigned-char -W -Wall -Werror=return-type -Werror=non-virtual-dtor -Werror=address -Werror=sequence-point -Wformat -Werror=format-security -Wmissing-declarations -Wmissing-prototypes -Wstrict-prototypes -Wundef -Winit-self -Wpointer-arith -Wuninitialized -Winit-self -Wno-comment -Wno-missing-field-initializers -fdiagnostics-show-option -Wno-long-long -pthread -fomit-frame-pointer -ffunction-sections -fdata-sections  -msse -msse2 -msse3 -DCHECK_FUNCTION_EXISTS=sgemm_ -O3 -DNDEBUG   -Wl,--gc-sections  CMakeFiles/cmTC_c6fca.dir/CheckFunctionExists.c.o -o cmTC_c6fca 
CMakeFiles/cmTC_c6fca.dir/CheckFunctionExists.c.o: In function `main':
CheckFunctionExists.c:(.text.startup.main+0xc): undefined reference to `sgemm_'
collect2: error: ld returned 1 exit status
CMakeFiles/cmTC_c6fca.dir/build.make:98: recipe for target 'cmTC_c6fca' failed
make[1]: *** [cmTC_c6fca] Error 1
make[1]: Leaving directory '/home/sensetime/projects/github_opensource/ppl.cv/x64-build/CMakeFiles/CMakeTmp'
Makefile:127: recipe for target 'cmTC_c6fca/fast' failed
make: *** [cmTC_c6fca/fast] Error 2



Determining if the function sgemm_ exists failed with the following output:
Change Dir: /home/sensetime/projects/github_opensource/ppl.cv/x64-build/CMakeFiles/CMakeTmp

Run Build Command(s):/usr/bin/make -f Makefile cmTC_6cf91/fast && /usr/bin/make  -f CMakeFiles/cmTC_6cf91.dir/build.make CMakeFiles/cmTC_6cf91.dir/build
make[1]: Entering directory '/home/sensetime/projects/github_opensource/ppl.cv/x64-build/CMakeFiles/CMakeTmp'
Building C object CMakeFiles/cmTC_6cf91.dir/CheckFunctionExists.c.o
/usr/bin/cc   -DNDEBUG -O3 -fPIC -fvisibility=hidden -Wall -Wno-array-bounds -pthread -ffunction-sections -fdata-sections   -fsigned-char -W -Wall -Werror=return-type -Werror=non-virtual-dtor -Werror=address -Werror=sequence-point -Wformat -Werror=format-security -Wmissing-declarations -Wmissing-prototypes -Wstrict-prototypes -Wundef -Winit-self -Wpointer-arith -Wuninitialized -Winit-self -Wno-comment -Wno-missing-field-initializers -fdiagnostics-show-option -Wno-long-long -pthread -fomit-frame-pointer -ffunction-sections -fdata-sections  -msse -msse2 -msse3 -DCHECK_FUNCTION_EXISTS=sgemm_ -O3 -DNDEBUG -fPIE -o CMakeFiles/cmTC_6cf91.dir/CheckFunctionExists.c.o -c /snap/cmake/912/share/cmake-3.21/Modules/CheckFunctionExists.c
Linking C executable cmTC_6cf91
/snap/cmake/912/bin/cmake -E cmake_link_script CMakeFiles/cmTC_6cf91.dir/link.txt --verbose=1
/usr/bin/cc  -DNDEBUG -O3 -fPIC -fvisibility=hidden -Wall -Wno-array-bounds -pthread -ffunction-sections -fdata-sections   -fsigned-char -W -Wall -Werror=return-type -Werror=non-virtual-dtor -Werror=address -Werror=sequence-point -Wformat -Werror=format-security -Wmissing-declarations -Wmissing-prototypes -Wstrict-prototypes -Wundef -Winit-self -Wpointer-arith -Wuninitialized -Winit-self -Wno-comment -Wno-missing-field-initializers -fdiagnostics-show-option -Wno-long-long -pthread -fomit-frame-pointer -ffunction-sections -fdata-sections  -msse -msse2 -msse3 -DCHECK_FUNCTION_EXISTS=sgemm_ -O3 -DNDEBUG   -Wl,--gc-sections  CMakeFiles/cmTC_6cf91.dir/CheckFunctionExists.c.o -o cmTC_6cf91  -SSL2 
cc: error: unrecognized command line option ‘-SSL2’
CMakeFiles/cmTC_6cf91.dir/build.make:98: recipe for target 'cmTC_6cf91' failed
make[1]: *** [cmTC_6cf91] Error 1
make[1]: Leaving directory '/home/sensetime/projects/github_opensource/ppl.cv/x64-build/CMakeFiles/CMakeTmp'
Makefile:127: recipe for target 'cmTC_6cf91/fast' failed
make: *** [cmTC_6cf91/fast] Error 2



Build output check failed:
    Regex: 'unrecognized .*option'
    Output line: 'cc1plus: warning: unrecognized command line option "-Wno-tautological-undefined-compare"'
Compilation failed:
    source file: '/home/sensetime/projects/github_opensource/ppl.cv/x64-build/CMakeFiles/CMakeTmp/src.cxx'
    check option: ' -Wno-tautological-undefined-compare'
===== BUILD LOG =====
Change Dir: /home/sensetime/projects/github_opensource/ppl.cv/x64-build/CMakeFiles/CMakeTmp

Run Build Command(s):/usr/bin/make -f Makefile cmTC_9fde9/fast && /usr/bin/make  -f CMakeFiles/cmTC_9fde9.dir/build.make CMakeFiles/cmTC_9fde9.dir/build
make[1]: Entering directory '/home/sensetime/projects/github_opensource/ppl.cv/x64-build/CMakeFiles/CMakeTmp'
Building CXX object CMakeFiles/cmTC_9fde9.dir/src.cxx.o
/usr/bin/c++   -DNDEBUG -O3 -std=c++11 -fPIC -fvisibility=hidden -Wall -Wno-array-bounds -pthread -ffunction-sections -fdata-sections -ftemplate-depth=2014   -fsigned-char -W -Wall -Werror=return-type -Werror=non-virtual-dtor -Werror=address -Werror=sequence-point -Wformat -Werror=format-security -Winit-self -Wpointer-arith -Wuninitialized -Winit-self -Wno-delete-non-virtual-dtor -Wno-comment -Wno-missing-field-initializers -fdiagnostics-show-option -Wno-long-long -pthread -fomit-frame-pointer -ffunction-sections -fdata-sections  -msse -msse2 -msse3 -Wno-deprecated -Wno-missing-declarations -Wno-shadow -Wno-unused-parameter -Wno-unused-local-typedefs -Wno-sign-compare -Wno-sign-promo -Wno-undef  -O3 -DNDEBUG -fPIE    -Wno-tautological-undefined-compare -std=c++11 -o CMakeFiles/cmTC_9fde9.dir/src.cxx.o -c /home/sensetime/projects/github_opensource/ppl.cv/x64-build/CMakeFiles/CMakeTmp/src.cxx
/home/sensetime/projects/github_opensource/ppl.cv/x64-build/CMakeFiles/CMakeTmp/src.cxx:1:0: warning: ignoring #pragma   [-Wunknown-pragmas]
 #pragma
 ^
cc1plus: warning: unrecognized command line option "-Wno-tautological-undefined-compare"
Linking CXX executable cmTC_9fde9
/snap/cmake/912/bin/cmake -E cmake_link_script CMakeFiles/cmTC_9fde9.dir/link.txt --verbose=1
/usr/bin/c++  -DNDEBUG -O3 -std=c++11 -fPIC -fvisibility=hidden -Wall -Wno-array-bounds -pthread -ffunction-sections -fdata-sections -ftemplate-depth=2014   -fsigned-char -W -Wall -Werror=return-type -Werror=non-virtual-dtor -Werror=address -Werror=sequence-point -Wformat -Werror=format-security -Winit-self -Wpointer-arith -Wuninitialized -Winit-self -Wno-delete-non-virtual-dtor -Wno-comment -Wno-missing-field-initializers -fdiagnostics-show-option -Wno-long-long -pthread -fomit-frame-pointer -ffunction-sections -fdata-sections  -msse -msse2 -msse3 -Wno-deprecated -Wno-missing-declarations -Wno-shadow -Wno-unused-parameter -Wno-unused-local-typedefs -Wno-sign-compare -Wno-sign-promo -Wno-undef  -O3 -DNDEBUG   -Wl,--gc-sections  CMakeFiles/cmTC_9fde9.dir/src.cxx.o -o cmTC_9fde9 
make[1]: Leaving directory '/home/sensetime/projects/github_opensource/ppl.cv/x64-build/CMakeFiles/CMakeTmp'


===== END =====

Build output check failed:
    Regex: 'unrecognized .*option'
    Output line: 'cc1plus: warning: unrecognized command line option "-Wno-unused-const-variable"'
Compilation failed:
    source file: '/home/sensetime/projects/github_opensource/ppl.cv/x64-build/CMakeFiles/CMakeTmp/src.cxx'
    check option: ' -Wno-unused-const-variable'
===== BUILD LOG =====
Change Dir: /home/sensetime/projects/github_opensource/ppl.cv/x64-build/CMakeFiles/CMakeTmp

Run Build Command(s):/usr/bin/make -f Makefile cmTC_a54d9/fast && /usr/bin/make  -f CMakeFiles/cmTC_a54d9.dir/build.make CMakeFiles/cmTC_a54d9.dir/build
make[1]: Entering directory '/home/sensetime/projects/github_opensource/ppl.cv/x64-build/CMakeFiles/CMakeTmp'
Building CXX object CMakeFiles/cmTC_a54d9.dir/src.cxx.o
/usr/bin/c++   -DNDEBUG -O3 -std=c++11 -fPIC -fvisibility=hidden -Wall -Wno-array-bounds -pthread -ffunction-sections -fdata-sections -ftemplate-depth=2014   -fsigned-char -W -Wall -Werror=return-type -Werror=non-virtual-dtor -Werror=address -Werror=sequence-point -Wformat -Werror=format-security -Winit-self -Wpointer-arith -Wuninitialized -Winit-self -Wno-delete-non-virtual-dtor -Wno-comment -Wno-missing-field-initializers -fdiagnostics-show-option -Wno-long-long -pthread -fomit-frame-pointer -ffunction-sections -fdata-sections  -msse -msse2 -msse3 -Wno-deprecated -Wno-missing-declarations -Wno-shadow -Wno-unused-parameter -Wno-unused-local-typedefs -Wno-sign-compare -Wno-sign-promo -Wno-undef -Wno-ignored-qualifiers -Wno-extra -Wno-unused-function  -O3 -DNDEBUG -fPIE    -Wno-unused-const-variable -std=c++11 -o CMakeFiles/cmTC_a54d9.dir/src.cxx.o -c /home/sensetime/projects/github_opensource/ppl.cv/x64-build/CMakeFiles/CMakeTmp/src.cxx
/home/sensetime/projects/github_opensource/ppl.cv/x64-build/CMakeFiles/CMakeTmp/src.cxx:1:0: warning: ignoring #pragma   [-Wunknown-pragmas]
 #pragma
 ^
cc1plus: warning: unrecognized command line option "-Wno-unused-const-variable"
Linking CXX executable cmTC_a54d9
/snap/cmake/912/bin/cmake -E cmake_link_script CMakeFiles/cmTC_a54d9.dir/link.txt --verbose=1
/usr/bin/c++  -DNDEBUG -O3 -std=c++11 -fPIC -fvisibility=hidden -Wall -Wno-array-bounds -pthread -ffunction-sections -fdata-sections -ftemplate-depth=2014   -fsigned-char -W -Wall -Werror=return-type -Werror=non-virtual-dtor -Werror=address -Werror=sequence-point -Wformat -Werror=format-security -Winit-self -Wpointer-arith -Wuninitialized -Winit-self -Wno-delete-non-virtual-dtor -Wno-comment -Wno-missing-field-initializers -fdiagnostics-show-option -Wno-long-long -pthread -fomit-frame-pointer -ffunction-sections -fdata-sections  -msse -msse2 -msse3 -Wno-deprecated -Wno-missing-declarations -Wno-shadow -Wno-unused-parameter -Wno-unused-local-typedefs -Wno-sign-compare -Wno-sign-promo -Wno-undef -Wno-ignored-qualifiers -Wno-extra -Wno-unused-function  -O3 -DNDEBUG   -Wl,--gc-sections  CMakeFiles/cmTC_a54d9.dir/src.cxx.o -o cmTC_a54d9 
make[1]: Leaving directory '/home/sensetime/projects/github_opensource/ppl.cv/x64-build/CMakeFiles/CMakeTmp'


===== END =====

Build output check failed:
    Regex: 'unrecognized .*option'
    Output line: 'cc1plus: warning: unrecognized command line option "-Wno-shorten-64-to-32"'
Compilation failed:
    source file: '/home/sensetime/projects/github_opensource/ppl.cv/x64-build/CMakeFiles/CMakeTmp/src.cxx'
    check option: ' -Wno-shorten-64-to-32'
===== BUILD LOG =====
Change Dir: /home/sensetime/projects/github_opensource/ppl.cv/x64-build/CMakeFiles/CMakeTmp

Run Build Command(s):/usr/bin/make -f Makefile cmTC_04327/fast && /usr/bin/make  -f CMakeFiles/cmTC_04327.dir/build.make CMakeFiles/cmTC_04327.dir/build
make[1]: Entering directory '/home/sensetime/projects/github_opensource/ppl.cv/x64-build/CMakeFiles/CMakeTmp'
Building CXX object CMakeFiles/cmTC_04327.dir/src.cxx.o
/usr/bin/c++   -DNDEBUG -O3 -std=c++11 -fPIC -fvisibility=hidden -Wall -Wno-array-bounds -pthread -ffunction-sections -fdata-sections -ftemplate-depth=2014   -fsigned-char -W -Wall -Werror=return-type -Werror=non-virtual-dtor -Werror=address -Werror=sequence-point -Wformat -Werror=format-security -Winit-self -Wpointer-arith -Wuninitialized -Winit-self -Wno-delete-non-virtual-dtor -Wno-comment -Wno-missing-field-initializers -fdiagnostics-show-option -Wno-long-long -pthread -fomit-frame-pointer -ffunction-sections -fdata-sections  -msse -msse2 -msse3 -Wno-deprecated -Wno-missing-declarations -Wno-shadow -Wno-unused-parameter -Wno-unused-local-typedefs -Wno-sign-compare -Wno-sign-promo -Wno-undef -Wno-ignored-qualifiers -Wno-extra -Wno-unused-function  -O3 -DNDEBUG -fPIE    -Wno-shorten-64-to-32 -std=c++11 -o CMakeFiles/cmTC_04327.dir/src.cxx.o -c /home/sensetime/projects/github_opensource/ppl.cv/x64-build/CMakeFiles/CMakeTmp/src.cxx
/home/sensetime/projects/github_opensource/ppl.cv/x64-build/CMakeFiles/CMakeTmp/src.cxx:1:0: warning: ignoring #pragma   [-Wunknown-pragmas]
 #pragma
 ^
cc1plus: warning: unrecognized command line option "-Wno-shorten-64-to-32"
Linking CXX executable cmTC_04327
/snap/cmake/912/bin/cmake -E cmake_link_script CMakeFiles/cmTC_04327.dir/link.txt --verbose=1
/usr/bin/c++  -DNDEBUG -O3 -std=c++11 -fPIC -fvisibility=hidden -Wall -Wno-array-bounds -pthread -ffunction-sections -fdata-sections -ftemplate-depth=2014   -fsigned-char -W -Wall -Werror=return-type -Werror=non-virtual-dtor -Werror=address -Werror=sequence-point -Wformat -Werror=format-security -Winit-self -Wpointer-arith -Wuninitialized -Winit-self -Wno-delete-non-virtual-dtor -Wno-comment -Wno-missing-field-initializers -fdiagnostics-show-option -Wno-long-long -pthread -fomit-frame-pointer -ffunction-sections -fdata-sections  -msse -msse2 -msse3 -Wno-deprecated -Wno-missing-declarations -Wno-shadow -Wno-unused-parameter -Wno-unused-local-typedefs -Wno-sign-compare -Wno-sign-promo -Wno-undef -Wno-ignored-qualifiers -Wno-extra -Wno-unused-function  -O3 -DNDEBUG   -Wl,--gc-sections  CMakeFiles/cmTC_04327.dir/src.cxx.o -o cmTC_04327 
make[1]: Leaving directory '/home/sensetime/projects/github_opensource/ppl.cv/x64-build/CMakeFiles/CMakeTmp'


===== END =====

Build output check failed:
    Regex: 'unrecognized .*option'
    Output line: 'cc1plus: warning: unrecognized command line option "-Wno-enum-compare-switch"'
Compilation failed:
    source file: '/home/sensetime/projects/github_opensource/ppl.cv/x64-build/CMakeFiles/CMakeTmp/src.cxx'
    check option: ' -Wno-enum-compare-switch'
===== BUILD LOG =====
Change Dir: /home/sensetime/projects/github_opensource/ppl.cv/x64-build/CMakeFiles/CMakeTmp

Run Build Command(s):/usr/bin/make -f Makefile cmTC_4d6d1/fast && /usr/bin/make  -f CMakeFiles/cmTC_4d6d1.dir/build.make CMakeFiles/cmTC_4d6d1.dir/build
make[1]: Entering directory '/home/sensetime/projects/github_opensource/ppl.cv/x64-build/CMakeFiles/CMakeTmp'
Building CXX object CMakeFiles/cmTC_4d6d1.dir/src.cxx.o
/usr/bin/c++   -DNDEBUG -O3 -std=c++11 -fPIC -fvisibility=hidden -Wall -Wno-array-bounds -pthread -ffunction-sections -fdata-sections -ftemplate-depth=2014   -fsigned-char -W -Wall -Werror=return-type -Werror=non-virtual-dtor -Werror=address -Werror=sequence-point -Wformat -Werror=format-security -Winit-self -Wpointer-arith -Wuninitialized -Winit-self -Wno-delete-non-virtual-dtor -Wno-comment -Wno-missing-field-initializers -fdiagnostics-show-option -Wno-long-long -pthread -fomit-frame-pointer -ffunction-sections -fdata-sections  -msse -msse2 -msse3 -Wno-deprecated -Wno-missing-declarations -Wno-shadow -Wno-unused-parameter -Wno-unused-local-typedefs -Wno-sign-compare -Wno-sign-promo -Wno-undef -Wno-ignored-qualifiers -Wno-extra -Wno-unused-function -Wno-invalid-offsetof  -O3 -DNDEBUG -fPIE    -Wno-enum-compare-switch -std=c++11 -o CMakeFiles/cmTC_4d6d1.dir/src.cxx.o -c /home/sensetime/projects/github_opensource/ppl.cv/x64-build/CMakeFiles/CMakeTmp/src.cxx
/home/sensetime/projects/github_opensource/ppl.cv/x64-build/CMakeFiles/CMakeTmp/src.cxx:1:0: warning: ignoring #pragma   [-Wunknown-pragmas]
 #pragma
 ^
cc1plus: warning: unrecognized command line option "-Wno-enum-compare-switch"
Linking CXX executable cmTC_4d6d1
/snap/cmake/912/bin/cmake -E cmake_link_script CMakeFiles/cmTC_4d6d1.dir/link.txt --verbose=1
/usr/bin/c++  -DNDEBUG -O3 -std=c++11 -fPIC -fvisibility=hidden -Wall -Wno-array-bounds -pthread -ffunction-sections -fdata-sections -ftemplate-depth=2014   -fsigned-char -W -Wall -Werror=return-type -Werror=non-virtual-dtor -Werror=address -Werror=sequence-point -Wformat -Werror=format-security -Winit-self -Wpointer-arith -Wuninitialized -Winit-self -Wno-delete-non-virtual-dtor -Wno-comment -Wno-missing-field-initializers -fdiagnostics-show-option -Wno-long-long -pthread -fomit-frame-pointer -ffunction-sections -fdata-sections  -msse -msse2 -msse3 -Wno-deprecated -Wno-missing-declarations -Wno-shadow -Wno-unused-parameter -Wno-unused-local-typedefs -Wno-sign-compare -Wno-sign-promo -Wno-undef -Wno-ignored-qualifiers -Wno-extra -Wno-unused-function -Wno-invalid-offsetof  -O3 -DNDEBUG   -Wl,--gc-sections  CMakeFiles/cmTC_4d6d1.dir/src.cxx.o -o cmTC_4d6d1 
make[1]: Leaving directory '/home/sensetime/projects/github_opensource/ppl.cv/x64-build/CMakeFiles/CMakeTmp'


===== END =====

Determining if the include file sys/videoio.h exists failed with the following output:
Change Dir: /home/sensetime/projects/github_opensource/ppl.cv/x64-build/CMakeFiles/CMakeTmp

Run Build Command(s):/usr/bin/make -f Makefile cmTC_31c18/fast && /usr/bin/make  -f CMakeFiles/cmTC_31c18.dir/build.make CMakeFiles/cmTC_31c18.dir/build
make[1]: Entering directory '/home/sensetime/projects/github_opensource/ppl.cv/x64-build/CMakeFiles/CMakeTmp'
Building C object CMakeFiles/cmTC_31c18.dir/CheckIncludeFile.c.o
/usr/bin/cc   -DNDEBUG -O3 -fPIC -fvisibility=hidden -Wall -Wno-array-bounds -pthread -ffunction-sections -fdata-sections   -fsigned-char -W -Wall -Werror=return-type -Werror=non-virtual-dtor -Werror=address -Werror=sequence-point -Wformat -Werror=format-security -Wmissing-declarations -Wmissing-prototypes -Wstrict-prototypes -Wundef -Winit-self -Wpointer-arith -Wuninitialized -Winit-self -Wno-comment -Wno-missing-field-initializers -fdiagnostics-show-option -Wno-long-long -pthread -fomit-frame-pointer -ffunction-sections -fdata-sections  -msse -msse2 -msse3  -O3 -DNDEBUG -fPIE -o CMakeFiles/cmTC_31c18.dir/CheckIncludeFile.c.o -c /home/sensetime/projects/github_opensource/ppl.cv/x64-build/CMakeFiles/CMakeTmp/CheckIncludeFile.c
/home/sensetime/projects/github_opensource/ppl.cv/x64-build/CMakeFiles/CMakeTmp/CheckIncludeFile.c:1:25: fatal error: sys/videoio.h: No such file or directory
 #include <sys/videoio.h>
                         ^
compilation terminated.
CMakeFiles/cmTC_31c18.dir/build.make:77: recipe for target 'CMakeFiles/cmTC_31c18.dir/CheckIncludeFile.c.o' failed
make[1]: *** [CMakeFiles/cmTC_31c18.dir/CheckIncludeFile.c.o] Error 1
make[1]: Leaving directory '/home/sensetime/projects/github_opensource/ppl.cv/x64-build/CMakeFiles/CMakeTmp'
Makefile:127: recipe for target 'cmTC_31c18/fast' failed
make: *** [cmTC_31c18/fast] Error 2



Performing C++ SOURCE FILE Test HAVE_CXX_FLAG_WSUGGEST_OVERRIDE failed with the following output:
Change Dir: /home/sensetime/projects/github_opensource/ppl.cv/x64-build/CMakeFiles/CMakeTmp

Run Build Command(s):/usr/bin/make -f Makefile cmTC_10ff9/fast && /usr/bin/make  -f CMakeFiles/cmTC_10ff9.dir/build.make CMakeFiles/cmTC_10ff9.dir/build
make[1]: Entering directory '/home/sensetime/projects/github_opensource/ppl.cv/x64-build/CMakeFiles/CMakeTmp'
Building CXX object CMakeFiles/cmTC_10ff9.dir/src.cxx.o
/usr/bin/c++ -DHAVE_CXX_FLAG_WSUGGEST_OVERRIDE  -DNDEBUG -O3 -std=c++11 -fPIC -fvisibility=hidden -Wall -Wno-array-bounds -pthread -ffunction-sections -fdata-sections -ftemplate-depth=2014  -std=c++11  -Wall  -Wextra  -Wshadow  -Wsuggest-override   -Wsuggest-override -o CMakeFiles/cmTC_10ff9.dir/src.cxx.o -c /home/sensetime/projects/github_opensource/ppl.cv/x64-build/CMakeFiles/CMakeTmp/src.cxx
c++: error: unrecognized command line option '-Wsuggest-override'
c++: error: unrecognized command line option '-Wsuggest-override'
CMakeFiles/cmTC_10ff9.dir/build.make:77: recipe for target 'CMakeFiles/cmTC_10ff9.dir/src.cxx.o' failed
make[1]: *** [CMakeFiles/cmTC_10ff9.dir/src.cxx.o] Error 1
make[1]: Leaving directory '/home/sensetime/projects/github_opensource/ppl.cv/x64-build/CMakeFiles/CMakeTmp'
Makefile:127: recipe for target 'cmTC_10ff9/fast' failed
make: *** [cmTC_10ff9/fast] Error 2


Source file was:
int main() { return 0; }
Performing C++ SOURCE FILE Test HAVE_CXX_FLAG_WSHORTEN_64_TO_32 failed with the following output:
Change Dir: /home/sensetime/projects/github_opensource/ppl.cv/x64-build/CMakeFiles/CMakeTmp

Run Build Command(s):/usr/bin/make -f Makefile cmTC_9902b/fast && /usr/bin/make  -f CMakeFiles/cmTC_9902b.dir/build.make CMakeFiles/cmTC_9902b.dir/build
make[1]: Entering directory '/home/sensetime/projects/github_opensource/ppl.cv/x64-build/CMakeFiles/CMakeTmp'
Building CXX object CMakeFiles/cmTC_9902b.dir/src.cxx.o
/usr/bin/c++ -DHAVE_CXX_FLAG_WSHORTEN_64_TO_32  -DNDEBUG -O3 -std=c++11 -fPIC -fvisibility=hidden -Wall -Wno-array-bounds -pthread -ffunction-sections -fdata-sections -ftemplate-depth=2014  -std=c++11  -Wall  -Wextra  -Wshadow  -pedantic  -pedantic-errors  -Wshorten-64-to-32   -Wshorten-64-to-32 -o CMakeFiles/cmTC_9902b.dir/src.cxx.o -c /home/sensetime/projects/github_opensource/ppl.cv/x64-build/CMakeFiles/CMakeTmp/src.cxx
c++: error: unrecognized command line option '-Wshorten-64-to-32'
c++: error: unrecognized command line option '-Wshorten-64-to-32'
CMakeFiles/cmTC_9902b.dir/build.make:77: recipe for target 'CMakeFiles/cmTC_9902b.dir/src.cxx.o' failed
make[1]: *** [CMakeFiles/cmTC_9902b.dir/src.cxx.o] Error 1
make[1]: Leaving directory '/home/sensetime/projects/github_opensource/ppl.cv/x64-build/CMakeFiles/CMakeTmp'
Makefile:127: recipe for target 'cmTC_9902b/fast' failed
make: *** [cmTC_9902b/fast] Error 2


Source file was:
int main() { return 0; }
Performing C++ SOURCE FILE Test HAVE_CXX_FLAG_WD654 failed with the following output:
Change Dir: /home/sensetime/projects/github_opensource/ppl.cv/x64-build/CMakeFiles/CMakeTmp

Run Build Command(s):/usr/bin/make -f Makefile cmTC_67a3d/fast && /usr/bin/make  -f CMakeFiles/cmTC_67a3d.dir/build.make CMakeFiles/cmTC_67a3d.dir/build
make[1]: Entering directory '/home/sensetime/projects/github_opensource/ppl.cv/x64-build/CMakeFiles/CMakeTmp'
Building CXX object CMakeFiles/cmTC_67a3d.dir/src.cxx.o
/usr/bin/c++ -DHAVE_CXX_FLAG_WD654  -DNDEBUG -O3 -std=c++11 -fPIC -fvisibility=hidden -Wall -Wno-array-bounds -pthread -ffunction-sections -fdata-sections -ftemplate-depth=2014  -std=c++11  -Wall  -Wextra  -Wshadow  -pedantic  -pedantic-errors  -fstrict-aliasing  -Wno-deprecated-declarations  -Wstrict-aliasing  -wd654   -wd654 -o CMakeFiles/cmTC_67a3d.dir/src.cxx.o -c /home/sensetime/projects/github_opensource/ppl.cv/x64-build/CMakeFiles/CMakeTmp/src.cxx
c++: error: unrecognized command line option '-wd654'
c++: error: unrecognized command line option '-wd654'
CMakeFiles/cmTC_67a3d.dir/build.make:77: recipe for target 'CMakeFiles/cmTC_67a3d.dir/src.cxx.o' failed
make[1]: *** [CMakeFiles/cmTC_67a3d.dir/src.cxx.o] Error 1
make[1]: Leaving directory '/home/sensetime/projects/github_opensource/ppl.cv/x64-build/CMakeFiles/CMakeTmp'
Makefile:127: recipe for target 'cmTC_67a3d/fast' failed
make: *** [cmTC_67a3d/fast] Error 2


Source file was:
int main() { return 0; }
Performing C++ SOURCE FILE Test HAVE_CXX_FLAG_WTHREAD_SAFETY failed with the following output:
Change Dir: /home/sensetime/projects/github_opensource/ppl.cv/x64-build/CMakeFiles/CMakeTmp

Run Build Command(s):/usr/bin/make -f Makefile cmTC_0d667/fast && /usr/bin/make  -f CMakeFiles/cmTC_0d667.dir/build.make CMakeFiles/cmTC_0d667.dir/build
make[1]: Entering directory '/home/sensetime/projects/github_opensource/ppl.cv/x64-build/CMakeFiles/CMakeTmp'
Building CXX object CMakeFiles/cmTC_0d667.dir/src.cxx.o
/usr/bin/c++ -DHAVE_CXX_FLAG_WTHREAD_SAFETY  -DNDEBUG -O3 -std=c++11 -fPIC -fvisibility=hidden -Wall -Wno-array-bounds -pthread -ffunction-sections -fdata-sections -ftemplate-depth=2014  -std=c++11  -Wall  -Wextra  -Wshadow  -pedantic  -pedantic-errors  -fstrict-aliasing  -Wno-deprecated-declarations  -Wstrict-aliasing  -Wthread-safety   -Wthread-safety -o CMakeFiles/cmTC_0d667.dir/src.cxx.o -c /home/sensetime/projects/github_opensource/ppl.cv/x64-build/CMakeFiles/CMakeTmp/src.cxx
c++: error: unrecognized command line option '-Wthread-safety'
c++: error: unrecognized command line option '-Wthread-safety'
CMakeFiles/cmTC_0d667.dir/build.make:77: recipe for target 'CMakeFiles/cmTC_0d667.dir/src.cxx.o' failed
make[1]: *** [CMakeFiles/cmTC_0d667.dir/src.cxx.o] Error 1
make[1]: Leaving directory '/home/sensetime/projects/github_opensource/ppl.cv/x64-build/CMakeFiles/CMakeTmp'
Makefile:127: recipe for target 'cmTC_0d667/fast' failed
make: *** [cmTC_0d667/fast] Error 2


Source file was:
int main() { return 0; }
